<?xml version="1.0" encoding="UTF-8"?>
<!-- Generated by org.testng.reporters.JUnitReportReporter -->
<testsuite hostname="leonido-HP-Pavilion-Sleekbook-15-PC" failures="0" tests="2" name="negative_tests.TestEndpoint2" time="3.342" errors="0" timestamp="2021-08-07T17:14:43 IDT" skipped="0">
  <testcase classname="negative_tests.TestEndpoint2" name="request_to_non_numeric_id_should_be_rejected" time="0.319"/>
  <system-out/>
  <testcase classname="negative_tests.TestEndpoint2" name="request_to_non_existing_id_should_be_rejected" time="3.023"/>
  <system-out/>
</testsuite> <!-- negative_tests.TestEndpoint2 -->
