<?xml version="1.0" encoding="UTF-8"?>
<!-- Generated by org.testng.reporters.JUnitReportReporter -->
<testsuite hostname="leonido-HP-Pavilion-Sleekbook-15-PC" failures="0" tests="3" name="positive_tests.TestEndpoint2" time="0.329" errors="0" timestamp="2021-08-07T18:00:12 IDT" skipped="0">
  <testcase classname="positive_tests.TestEndpoint2" name="check_query_for_single_document_is_responded_correctly" time="0.325"/>
  <system-out/>
  <testcase classname="positive_tests.TestEndpoint2" name="check_response_contains_only_one_document" time="0.002"/>
  <system-out/>
  <testcase classname="positive_tests.TestEndpoint2" name="check_document_keys_and_values_are_correct" time="0.002"/>
  <system-out/>
</testsuite> <!-- positive_tests.TestEndpoint2 -->
