<?xml version="1.0" encoding="UTF-8"?>
<!-- Generated by org.testng.reporters.JUnitReportReporter -->
<testsuite hostname="leonido-HP-Pavilion-Sleekbook-15-PC" failures="0" tests="2" name="positive_tests.TestEndpoint1" time="3.446" errors="0" timestamp="2021-08-07T18:00:12 IDT" skipped="0">
  <testcase classname="positive_tests.TestEndpoint1" name="check_query_for_all_documents_is_responded_correctly" time="3.424"/>
  <system-out/>
  <testcase classname="positive_tests.TestEndpoint1" name="check_array_of_documents_is_returned" time="0.022"/>
  <system-out/>
</testsuite> <!-- positive_tests.TestEndpoint1 -->
